{"C:\\Users\\jk377\\Desktop\\Algorithms with Jest Tests\\algorithms\\arithmetic\\divide\\divide.js": {"path":"C:\\Users\\jk377\\Desktop\\Algorithms with Jest Tests\\algorithms\\arithmetic\\divide\\divide.js","statementMap":{"0":{"start":{"line":1,"column":15},"end":{"line":1,"column":30}},"1":{"start":{"line":1,"column":25},"end":{"line":1,"column":30}},"2":{"start":{"line":3,"column":0},"end":{"line":3,"column":24}}},"fnMap":{"0":{"name":"(anonymous_0)","decl":{"start":{"line":1,"column":15},"end":{"line":1,"column":16}},"loc":{"start":{"line":1,"column":25},"end":{"line":1,"column":30}},"line":1}},"branchMap":{},"s":{"0":1,"1":3,"2":1},"f":{"0":3},"b":{},"_coverageSchema":"1a1c01bbd47fc00a2c39e90264f33305004495a9","hash":"3606b3c52500d1c0267b9b29800b8ba3ab980c04"}
,"C:\\Users\\jk377\\Desktop\\Algorithms with Jest Tests\\algorithms\\arithmetic\\multiply\\multiply.js": {"path":"C:\\Users\\jk377\\Desktop\\Algorithms with Jest Tests\\algorithms\\arithmetic\\multiply\\multiply.js","statementMap":{"0":{"start":{"line":1,"column":17},"end":{"line":3,"column":1}},"1":{"start":{"line":2,"column":4},"end":{"line":2,"column":17}},"2":{"start":{"line":5,"column":0},"end":{"line":5,"column":26}}},"fnMap":{"0":{"name":"(anonymous_0)","decl":{"start":{"line":1,"column":17},"end":{"line":1,"column":18}},"loc":{"start":{"line":1,"column":27},"end":{"line":3,"column":1}},"line":1}},"branchMap":{},"s":{"0":1,"1":5,"2":1},"f":{"0":5},"b":{},"_coverageSchema":"1a1c01bbd47fc00a2c39e90264f33305004495a9","hash":"775c371f3ba982b7adba49684ef8828472bd7330"}
,"C:\\Users\\jk377\\Desktop\\Algorithms with Jest Tests\\algorithms\\arithmetic\\subtract\\subtract.js": {"path":"C:\\Users\\jk377\\Desktop\\Algorithms with Jest Tests\\algorithms\\arithmetic\\subtract\\subtract.js","statementMap":{"0":{"start":{"line":1,"column":17},"end":{"line":3,"column":1}},"1":{"start":{"line":2,"column":4},"end":{"line":2,"column":17}},"2":{"start":{"line":5,"column":0},"end":{"line":5,"column":26}}},"fnMap":{"0":{"name":"(anonymous_0)","decl":{"start":{"line":1,"column":17},"end":{"line":1,"column":18}},"loc":{"start":{"line":1,"column":27},"end":{"line":3,"column":1}},"line":1}},"branchMap":{},"s":{"0":1,"1":1,"2":1},"f":{"0":1},"b":{},"_coverageSchema":"1a1c01bbd47fc00a2c39e90264f33305004495a9","hash":"df5892f383a6ee8597692cbca2818db973ce0ac0"}
,"C:\\Users\\jk377\\Desktop\\Algorithms with Jest Tests\\algorithms\\arithmetic\\sum\\sum.js": {"path":"C:\\Users\\jk377\\Desktop\\Algorithms with Jest Tests\\algorithms\\arithmetic\\sum\\sum.js","statementMap":{"0":{"start":{"line":1,"column":12},"end":{"line":1,"column":27}},"1":{"start":{"line":1,"column":22},"end":{"line":1,"column":27}},"2":{"start":{"line":3,"column":0},"end":{"line":3,"column":21}}},"fnMap":{"0":{"name":"(anonymous_0)","decl":{"start":{"line":1,"column":12},"end":{"line":1,"column":13}},"loc":{"start":{"line":1,"column":22},"end":{"line":1,"column":27}},"line":1}},"branchMap":{},"s":{"0":1,"1":1,"2":1},"f":{"0":1},"b":{},"_coverageSchema":"1a1c01bbd47fc00a2c39e90264f33305004495a9","hash":"982a4cad9a21e246bca58179a62e265845f274c5"}
,"C:\\Users\\jk377\\Desktop\\Algorithms with Jest Tests\\algorithms\\isPalidrome\\isPalidrome.js": {"path":"C:\\Users\\jk377\\Desktop\\Algorithms with Jest Tests\\algorithms\\isPalidrome\\isPalidrome.js","statementMap":{"0":{"start":{"line":1,"column":20},"end":{"line":3,"column":1}},"1":{"start":{"line":2,"column":4},"end":{"line":2,"column":52}},"2":{"start":{"line":5,"column":0},"end":{"line":5,"column":29}}},"fnMap":{"0":{"name":"(anonymous_0)","decl":{"start":{"line":1,"column":20},"end":{"line":1,"column":21}},"loc":{"start":{"line":1,"column":29},"end":{"line":3,"column":1}},"line":1}},"branchMap":{},"s":{"0":1,"1":2,"2":1},"f":{"0":2},"b":{},"_coverageSchema":"1a1c01bbd47fc00a2c39e90264f33305004495a9","hash":"a9a123067eaba92e5a66f578f2d3e7daba7613a6"}
,"C:\\Users\\jk377\\Desktop\\Algorithms with Jest Tests\\algorithms\\logEvenOrOdd\\logEvenOrOdd.js": {"path":"C:\\Users\\jk377\\Desktop\\Algorithms with Jest Tests\\algorithms\\logEvenOrOdd\\logEvenOrOdd.js","statementMap":{"0":{"start":{"line":1,"column":21},"end":{"line":7,"column":1}},"1":{"start":{"line":2,"column":1},"end":{"line":6,"column":2}},"2":{"start":{"line":3,"column":2},"end":{"line":3,"column":16}},"3":{"start":{"line":5,"column":2},"end":{"line":5,"column":15}},"4":{"start":{"line":9,"column":0},"end":{"line":9,"column":30}}},"fnMap":{"0":{"name":"(anonymous_0)","decl":{"start":{"line":1,"column":21},"end":{"line":1,"column":22}},"loc":{"start":{"line":1,"column":30},"end":{"line":7,"column":1}},"line":1}},"branchMap":{"0":{"loc":{"start":{"line":2,"column":1},"end":{"line":6,"column":2}},"type":"if","locations":[{"start":{"line":2,"column":1},"end":{"line":6,"column":2}},{"start":{"line":4,"column":8},"end":{"line":6,"column":2}}],"line":2}},"s":{"0":1,"1":2,"2":1,"3":1,"4":1},"f":{"0":2},"b":{"0":[1,1]},"_coverageSchema":"1a1c01bbd47fc00a2c39e90264f33305004495a9","hash":"a505b879cda83a3ec469dc44ed8c747987ebe0bb"}
,"C:\\Users\\jk377\\Desktop\\Algorithms with Jest Tests\\algorithms\\logNums\\logNums.js": {"path":"C:\\Users\\jk377\\Desktop\\Algorithms with Jest Tests\\algorithms\\logNums\\logNums.js","statementMap":{"0":{"start":{"line":1,"column":16},"end":{"line":7,"column":1}},"1":{"start":{"line":2,"column":20},"end":{"line":2,"column":22}},"2":{"start":{"line":3,"column":4},"end":{"line":5,"column":5}},"3":{"start":{"line":3,"column":17},"end":{"line":3,"column":18}},"4":{"start":{"line":4,"column":8},"end":{"line":4,"column":24}},"5":{"start":{"line":6,"column":4},"end":{"line":6,"column":19}},"6":{"start":{"line":9,"column":0},"end":{"line":9,"column":25}}},"fnMap":{"0":{"name":"(anonymous_0)","decl":{"start":{"line":1,"column":16},"end":{"line":1,"column":17}},"loc":{"start":{"line":1,"column":25},"end":{"line":7,"column":1}},"line":1}},"branchMap":{},"s":{"0":1,"1":2,"2":2,"3":2,"4":14,"5":2,"6":1},"f":{"0":2},"b":{},"_coverageSchema":"1a1c01bbd47fc00a2c39e90264f33305004495a9","hash":"47f24a1730f02db92be75f11eee9ff6376fc54d7"}
}
