TN:
SF:algorithms\arithmetic\divide\divide.js
FN:1,(anonymous_0)
FNF:1
FNH:1
FNDA:3,(anonymous_0)
DA:1,3
DA:3,1
LF:2
LH:2
BRF:0
BRH:0
end_of_record
TN:
SF:algorithms\arithmetic\multiply\multiply.js
FN:1,(anonymous_0)
FNF:1
FNH:1
FNDA:5,(anonymous_0)
DA:1,1
DA:2,5
DA:5,1
LF:3
LH:3
BRF:0
BRH:0
end_of_record
TN:
SF:algorithms\arithmetic\subtract\subtract.js
FN:1,(anonymous_0)
FNF:1
FNH:1
FNDA:1,(anonymous_0)
DA:1,1
DA:2,1
DA:5,1
LF:3
LH:3
BRF:0
BRH:0
end_of_record
TN:
SF:algorithms\arithmetic\sum\sum.js
FN:1,(anonymous_0)
FNF:1
FNH:1
FNDA:1,(anonymous_0)
DA:1,1
DA:3,1
LF:2
LH:2
BRF:0
BRH:0
end_of_record
TN:
SF:algorithms\binarySearch\binarySearch.js
FN:1,binarySearch
FNF:1
FNH:1
FNDA:2,binarySearch
DA:2,2
DA:3,2
DA:4,2
DA:5,6
DA:6,6
DA:7,1
DA:8,5
DA:9,2
DA:11,3
DA:14,1
DA:17,1
LF:11
LH:11
BRDA:6,0,0,1
BRDA:6,0,1,5
BRDA:8,1,0,2
BRDA:8,1,1,3
BRF:4
BRH:4
end_of_record
TN:
SF:algorithms\evenNums\evenNums.js
FN:1,(anonymous_0)
FNF:1
FNH:1
FNDA:2,(anonymous_0)
DA:1,1
DA:2,2
DA:3,2
DA:4,21
DA:5,10
DA:8,2
DA:11,1
LF:7
LH:7
BRDA:4,0,0,10
BRDA:4,0,1,11
BRF:2
BRH:2
end_of_record
TN:
SF:algorithms\factorial\factorial.js
FN:1,factorial
FNF:1
FNH:1
FNDA:6,factorial
DA:2,6
DA:3,2
DA:5,4
DA:8,1
LF:4
LH:4
BRDA:2,0,0,2
BRDA:2,0,1,4
BRDA:2,1,0,6
BRDA:2,1,1,5
BRF:4
BRH:4
end_of_record
TN:
SF:algorithms\fizzBuzz\fizzBuzz.js
FN:1,fizzBuzz
FNF:1
FNH:1
FNDA:3,fizzBuzz
DA:2,3
DA:3,3
DA:4,31
DA:5,1
DA:6,30
DA:7,9
DA:8,21
DA:9,5
DA:11,16
DA:14,3
DA:17,1
LF:11
LH:11
BRDA:4,0,0,1
BRDA:4,0,1,30
BRDA:4,1,0,31
BRDA:4,1,1,10
BRDA:6,2,0,9
BRDA:6,2,1,21
BRDA:8,3,0,5
BRDA:8,3,1,16
BRF:8
BRH:8
end_of_record
TN:
SF:algorithms\isPalidrome\isPalidrome.js
FN:1,(anonymous_0)
FNF:1
FNH:1
FNDA:2,(anonymous_0)
DA:1,1
DA:2,2
DA:5,1
LF:3
LH:3
BRF:0
BRH:0
end_of_record
TN:
SF:algorithms\logEvenOrOdd\logEvenOrOdd.js
FN:1,(anonymous_0)
FNF:1
FNH:1
FNDA:2,(anonymous_0)
DA:1,1
DA:2,2
DA:3,1
DA:5,1
DA:9,1
LF:5
LH:5
BRDA:2,0,0,1
BRDA:2,0,1,1
BRF:2
BRH:2
end_of_record
TN:
SF:algorithms\logNums\logNums.js
FN:1,(anonymous_0)
FNF:1
FNH:1
FNDA:2,(anonymous_0)
DA:1,1
DA:2,2
DA:3,2
DA:4,14
DA:6,2
DA:9,1
LF:6
LH:6
BRF:0
BRH:0
end_of_record
